<?xml version="1.0" encoding="UTF-8"?>
<!-- Generated by org.testng.reporters.JUnitReportReporter -->
<testsuite hostname="CBG-LT-122M1" name="com.grid.test.GridTest" tests="1" failures="0" timestamp="15 Nov 2017 13:06:41 GMT" time="23.229" errors="0">
  <testcase name="test1" time="23.229" classname="com.grid.test.GridTest"/>
</testsuite> <!-- com.grid.test.GridTest -->
